0 info it worked if it ends with ok
1 verbose cli [ 'C:\\Program Files\\nodejs\\node.exe',
1 verbose cli   'C:\\Program Files\\nodejs\\node_modules\\npm\\bin\\npm-cli.js',
1 verbose cli   'start' ]
2 info using npm@4.1.2
3 info using node@v7.5.0
4 verbose run-script [ 'prestart', 'start', 'poststart' ]
5 info lifecycle webpack-demo@1.0.0~prestart: webpack-demo@1.0.0
6 silly lifecycle webpack-demo@1.0.0~prestart: no script for prestart, continuing
7 info lifecycle webpack-demo@1.0.0~start: webpack-demo@1.0.0
8 verbose lifecycle webpack-demo@1.0.0~start: unsafe-perm in lifecycle true
9 verbose lifecycle webpack-demo@1.0.0~start: PATH: C:\Program Files\nodejs\node_modules\npm\bin\node-gyp-bin;C:\Users\DragK\webpack-demo\node_modules\.bin;C:\Users\DragK\AppData\Roaming\npm;C:\Program Files\nodejs\;C:\ProgramData\Oracle\Java\javapath;C:\Windows\system32;C:\Windows;C:\Windows\System32\Wbem;C:\Windows\System32\WindowsPowerShell\v1.0\;C:\xampp\php;C:\ProgramData\ComposerSetup\bin;C:\Program Files\nodejs\;C:\Program Files (x86)\Xoreax\IncrediBuild;C:\Program Files\Git\cmd;C:\Users\DragK\AppData\Local\Microsoft\WindowsApps;C:\Users\DragK\AppData\Roaming\Composer\vendor\bin;C:\Users\DragK\AppData\Roaming\npm;C:\xampp7.1\php;;C:\Program Files (x86)\Microsoft VS Code\bin
10 verbose lifecycle webpack-demo@1.0.0~start: CWD: C:\Users\DragK\webpack-demo
11 silly lifecycle webpack-demo@1.0.0~start: Args: [ '/d /s /c', 'react-scripts start' ]
12 silly lifecycle webpack-demo@1.0.0~start: Returned: code: 1  signal: null
13 info lifecycle webpack-demo@1.0.0~start: Failed to exec start script
14 verbose stack Error: webpack-demo@1.0.0 start: `react-scripts start`
14 verbose stack Exit status 1
14 verbose stack     at EventEmitter.<anonymous> (C:\Program Files\nodejs\node_modules\npm\lib\utils\lifecycle.js:279:16)
14 verbose stack     at emitTwo (events.js:106:13)
14 verbose stack     at EventEmitter.emit (events.js:192:7)
14 verbose stack     at ChildProcess.<anonymous> (C:\Program Files\nodejs\node_modules\npm\lib\utils\spawn.js:40:14)
14 verbose stack     at emitTwo (events.js:106:13)
14 verbose stack     at ChildProcess.emit (events.js:192:7)
14 verbose stack     at maybeClose (internal/child_process.js:890:16)
14 verbose stack     at Process.ChildProcess._handle.onexit (internal/child_process.js:226:5)
15 verbose pkgid webpack-demo@1.0.0
16 verbose cwd C:\Users\DragK\webpack-demo
17 error Windows_NT 10.0.15063
18 error argv "C:\\Program Files\\nodejs\\node.exe" "C:\\Program Files\\nodejs\\node_modules\\npm\\bin\\npm-cli.js" "start"
19 error node v7.5.0
20 error npm  v4.1.2
21 error code ELIFECYCLE
22 error webpack-demo@1.0.0 start: `react-scripts start`
22 error Exit status 1
23 error Failed at the webpack-demo@1.0.0 start script 'react-scripts start'.
23 error Make sure you have the latest version of node.js and npm installed.
23 error If you do, this is most likely a problem with the webpack-demo package,
23 error not with npm itself.
23 error Tell the author that this fails on your system:
23 error     react-scripts start
23 error You can get information on how to open an issue for this project with:
23 error     npm bugs webpack-demo
23 error Or if that isn't available, you can get their info via:
23 error     npm owner ls webpack-demo
23 error There is likely additional logging output above.
24 verbose exit [ 1, true ]
